[    2567ms] [INFO] Banner not shown: beforeinstallpromptevent.preventDefault() called. The page must call beforeinstallpromptevent.prompt() to show the banner. @ https://x.com/:0
[    2973ms] [ERROR] Failed to load resource: the server responded with a status of 404 () @ https://api.x.com/graphql/_8ClT24oZ8tpylf_OSuNdg/Viewer?variables=%7B%22withCommunitiesMemberships%22%3Atrue%7D&features=%7B%22subscriptions_upsells_api_enabled%22%3Afalse%2C%22profile_label_improvements_pcf_label_in_post_enabled%22%3Atrue%2C%22responsive_web_profile_redirect_enabled%22%3Afalse%2C%22rweb_tipjar_consumption_enabled%22%3Afalse%2C%22verified_phone_label_enabled%22%3Afalse%2C%22creator_subscriptions_tweet_preview_api_enabled%22%3Atrue%2C%22responsive_web_graphql_skip_user_profile_image_extensions_enabled%22%3Afalse%2C%22responsive_web_graphql_timeline_navigation_enabled%22%3Atrue%7D&fieldToggles=%7B%22isDelegate%22%3Afalse%2C%22withAuxiliaryUserLabels%22%3Atrue%7D:0
[    2990ms] [WARNING] [GSI_LOGGER]: google.accounts.id.initialize() is called multiple times. This could cause unexpected behavior and only the last initialized instance will be used. @ https://accounts.google.com/gsi/client:80
[    2995ms] [ERROR] Not signed in with the identity provider. @ https://x.com/:0
[    2996ms] [ERROR] [GSI_LOGGER]: FedCM get() rejects with AbortError: signal is aborted without reason @ https://accounts.google.com/gsi/client:81
[    2996ms] [ERROR] Not signed in with the identity provider. @ https://x.com/:0
[    2996ms] [ERROR] Not signed in with the identity provider. @ https://x.com/:0
[    2996ms] [ERROR] [GSI_LOGGER]: FedCM get() rejects with AbortError: signal is aborted without reason @ https://accounts.google.com/gsi/client:81
[    5411ms] [ERROR] [GSI_LOGGER]: FedCM get() rejects with NetworkError: Error retrieving a token. @ https://accounts.google.com/gsi/client:81
[  113357ms] [ERROR] Cross-Origin-Opener-Policy policy would block the window.postMessage call. @ https://accounts.google.com/gsi/client:363
[  113357ms] [ERROR] Cross-Origin-Opener-Policy policy would block the window.postMessage call. @ https://accounts.google.com/gsi/client:363
[  126933ms] [INFO] Banner not shown: beforeinstallpromptevent.preventDefault() called. The page must call beforeinstallpromptevent.prompt() to show the banner. @ https://x.com/i/flow/single_sign_on:0
[  127035ms] [WARNING] [GSI_LOGGER]: google.accounts.id.initialize() is called multiple times. This could cause unexpected behavior and only the last initialized instance will be used. @ https://accounts.google.com/gsi/client:80
[  127038ms] [ERROR] Failed to load resource: the server responded with a status of 404 () @ https://api.x.com/graphql/_8ClT24oZ8tpylf_OSuNdg/Viewer?variables=%7B%22withCommunitiesMemberships%22%3Atrue%7D&features=%7B%22subscriptions_upsells_api_enabled%22%3Afalse%2C%22profile_label_improvements_pcf_label_in_post_enabled%22%3Atrue%2C%22responsive_web_profile_redirect_enabled%22%3Afalse%2C%22rweb_tipjar_consumption_enabled%22%3Afalse%2C%22verified_phone_label_enabled%22%3Afalse%2C%22creator_subscriptions_tweet_preview_api_enabled%22%3Atrue%2C%22responsive_web_graphql_skip_user_profile_image_extensions_enabled%22%3Afalse%2C%22responsive_web_graphql_timeline_navigation_enabled%22%3Atrue%7D&fieldToggles=%7B%22isDelegate%22%3Afalse%2C%22withAuxiliaryUserLabels%22%3Atrue%7D:0
[  127040ms] [ERROR] The request has been aborted. @ https://x.com/i/flow/single_sign_on:0
[  127040ms] [ERROR] [GSI_LOGGER]: FedCM get() rejects with AbortError: signal is aborted without reason @ https://accounts.google.com/gsi/client:81
[  127040ms] [ERROR] The request has been aborted. @ https://x.com/i/flow/single_sign_on:0
[  127172ms] [ERROR] [GSI_LOGGER]: FedCM get() rejects with AbortError: signal is aborted without reason @ https://accounts.google.com/gsi/client:81
[  131539ms] [ERROR] User declined or dismissed prompt. API exponential cool down triggered. @ https://x.com/i/flow/single_sign_on:0
[  131539ms] [ERROR] [GSI_LOGGER]: FedCM get() rejects with NetworkError: Error retrieving a token. @ https://accounts.google.com/gsi/client:81
[  138297ms] [ERROR] Failed to load resource: the server responded with a status of 404 () @ https://api.x.com/graphql/_8ClT24oZ8tpylf_OSuNdg/Viewer?variables=%7B%22withCommunitiesMemberships%22%3Atrue%7D&features=%7B%22subscriptions_upsells_api_enabled%22%3Afalse%2C%22profile_label_improvements_pcf_label_in_post_enabled%22%3Atrue%2C%22responsive_web_profile_redirect_enabled%22%3Afalse%2C%22rweb_tipjar_consumption_enabled%22%3Afalse%2C%22verified_phone_label_enabled%22%3Afalse%2C%22creator_subscriptions_tweet_preview_api_enabled%22%3Atrue%2C%22responsive_web_graphql_skip_user_profile_image_extensions_enabled%22%3Afalse%2C%22responsive_web_graphql_timeline_navigation_enabled%22%3Atrue%7D&fieldToggles=%7B%22isDelegate%22%3Afalse%2C%22withAuxiliaryUserLabels%22%3Atrue%7D:0
[  140411ms] [WARNING] [GSI_LOGGER]: google.accounts.id.initialize() is called multiple times. This could cause unexpected behavior and only the last initialized instance will be used. @ https://accounts.google.com/gsi/client:80
[  158674ms] [ERROR] Failed to load resource: the server responded with a status of 400 () @ https://api.x.com/1.1/onboarding/task.json:0
[  158711ms] [WARNING] [GSI_LOGGER]: google.accounts.id.initialize() is called multiple times. This could cause unexpected behavior and only the last initialized instance will be used. @ https://accounts.google.com/gsi/client:80
[  173136ms] [ERROR] Failed to load resource: the server responded with a status of 400 () @ https://api.x.com/1.1/onboarding/task.json:0
[  173170ms] [WARNING] [GSI_LOGGER]: google.accounts.id.initialize() is called multiple times. This could cause unexpected behavior and only the last initialized instance will be used. @ https://accounts.google.com/gsi/client:80
[  188878ms] [ERROR] Failed to load resource: the server responded with a status of 400 () @ https://api.x.com/1.1/onboarding/task.json:0
[  188916ms] [WARNING] [GSI_LOGGER]: google.accounts.id.initialize() is called multiple times. This could cause unexpected behavior and only the last initialized instance will be used. @ https://accounts.google.com/gsi/client:80
[  195493ms] [VERBOSE] [DOM] Password field is not contained in a form: (More info: https://goo.gl/9p2vKq) %o @ https://x.com/i/flow/login:0
[  203524ms] [ERROR] Failed to load resource: the server responded with a status of 503 () @ https://ads-api.x.com/12/measurement/dcm_local_id:0
[  205150ms] [ERROR] Failed to load resource: the server responded with a status of 503 () @ https://x.com/i/api/1.1/promoted_content/log.json:0
[ 2906275ms] [ERROR] Failed to load resource: the server responded with a status of 400 () @ https://api.x.com/1.1/live_pipeline/update_subscriptions:0
[ 3011806ms] [ERROR] Failed to load resource: net::ERR_HTTP2_PROTOCOL_ERROR @ https://api.x.com/live_pipeline/events?topic=%2Ftweet_engagement%2F2041894612294627509,%2Ftweet_engagement%2F2041894236665340379,%2Ftweet_engagement%2F2041892886002737523,%2Ftweet_engagement%2F2041892630569857235,%2Ftweet_engagement%2F2041892242374455767,%2Ftweet_engagement%2F2041891942871789889:0
[ 3011806ms] [ERROR] Failed to load resource: net::ERR_HTTP2_PROTOCOL_ERROR @ https://api.x.com/live_pipeline/events?topic=%2Favcall%2Fcreate%2F1834452249084674048,%2Favcall%2Fclear%2F1834452249084674048:0
[ 3107598ms] [ERROR] Failed to load resource: the server responded with a status of 400 () @ https://api.x.com/1.1/live_pipeline/update_subscriptions:0
